autoscan: warning: missing AC_FUNC_MALLOC wanted by: 
	intl/bindtextdom.c:153
	intl/bindtextdom.c:191
	intl/bindtextdom.c:223
	intl/bindtextdom.c:250
	intl/bindtextdom.c:279
	intl/dcigettext.c:392
	intl/dcigettext.c:788
	intl/dcigettext.c:1034
	intl/dcigettext.c:1291
	intl/dcigettext.c:1570
	intl/finddomain.c:135
	intl/l10nflist.c:196
	intl/l10nflist.c:278
	intl/l10nflist.c:364
	intl/langprefs.c:90
	intl/loadmsgcat.c:866
	intl/loadmsgcat.c:907
	intl/loadmsgcat.c:1074
	intl/localcharset.c:131
	intl/localcharset.c:182
	intl/log.c:83
	intl/os2compat.c:60
	intl/os2compat.c:74
	intl/os2compat.c:88
	intl/plural.c:97
	intl/plural.y:76
	intl/printf-parse.c:72
	intl/printf-parse.c:98
	intl/textdomain.c:113
	intl/vasnprintf.c:159
	intl/vasnprintf.c:195
	intl/vasnprintf.c:493
	src/fileops.c:97
	src/fileops.c:112
	src/fileops.c:285
	src/fileops.c:806
	src/fileops.c:807
	src/fileops.c:813
	src/fileops.c:814
	src/fileops.c:898
	src/fileops.c:1298
	src/game.c:467
	src/game.c:472
	src/game.c:477
	src/game.c:482
	src/gettext.h:201
	src/gettext.h:247
	src/loaders.c:170
	src/loaders.c:189
	src/mathcards.c:100
	src/mathcards.c:2429
	src/mathcards.c:2564
	src/options.c:54
	src/options.c:695
	src/setup.c:708
	src/titlescreen.c:367
	src/titlescreen.c:859
	src/titlescreen.c:1065
	src/titlescreen.c:1066
	src/titlescreen.c:1115
	src/titlescreen.c:1116
	src/titlescreen.c:1123
	src/tuxmathadmin.c:330
	src/tuxmathadmin.c:336
	src/tuxmathadmin.c:672
	src/tuxmathadmin.c:718
autoscan: warning: missing AC_FUNC_REALLOC wanted by: 
	intl/dcigettext.c:1032
	intl/dcigettext.c:1273
	intl/localcharset.c:187
	intl/localealias.c:333
	intl/localealias.c:397
	intl/lock.c:586
	intl/printf-parse.c:97
	intl/printf-parse.c:519
	intl/vasnprintf.c:197
	intl/vasnprintf.c:857
	macosx/SDLMain.m:272
	src/fileops.c:133
	src/fileops.c:275
	src/fileops.c:2814
